\BOOKMARK [0][]{chapter*.1}{Resumen}{}% 1
\BOOKMARK [0][]{chapter.1}{1\040Introducci\363n}{}% 2
\BOOKMARK [1][-]{section.1.1}{1.1\040Objetivo\040y\040alcance}{chapter.1}% 3
\BOOKMARK [1][-]{section.1.2}{1.2\040Contexto\040del\040trabajo}{chapter.1}% 4
\BOOKMARK [1][-]{section.1.3}{1.3\040M\351todos,\040herramientas\040y\040estado\040del\040arte}{chapter.1}% 5
\BOOKMARK [1][-]{section.1.4}{1.4\040Estructura\040de\040la\040memoria}{chapter.1}% 6
\BOOKMARK [0][]{chapter.2}{2\040Metodolog\355a}{}% 7
\BOOKMARK [1][-]{section.2.1}{2.1\040Marco\040metodol\363gico}{chapter.2}% 8
\BOOKMARK [1][-]{section.2.2}{2.2\040Procedimientos}{chapter.2}% 9
\BOOKMARK [0][]{chapter.3}{3\040Desarrollo}{}% 10
\BOOKMARK [1][-]{section.3.1}{3.1\040Descripci\363n\040del\040trabajo}{chapter.3}% 11
\BOOKMARK [1][-]{section.3.2}{3.2\040Detalle}{chapter.3}% 12
\BOOKMARK [1][-]{section.3.3}{3.3\040Consideraciones\040adicionales}{chapter.3}% 13
\BOOKMARK [0][]{chapter.4}{4\040Resultados}{}% 14
\BOOKMARK [1][-]{section.4.1}{4.1\040Evaluaci\363n}{chapter.4}% 15
\BOOKMARK [1][-]{section.4.2}{4.2\040An\341lisis\040de\040resultados}{chapter.4}% 16
\BOOKMARK [1][-]{section.4.3}{4.3\040Comparaci\363n\040con\040trabajos\040relacionados}{chapter.4}% 17
\BOOKMARK [0][]{chapter.5}{5\040Conclusiones}{}% 18
\BOOKMARK [1][-]{section.5.1}{5.1\040Resumen\040del\040trabajo}{chapter.5}% 19
\BOOKMARK [1][-]{section.5.2}{5.2\040Cumplimiento\040de\040objetivos}{chapter.5}% 20
\BOOKMARK [1][-]{section.5.3}{5.3\040Aportaciones\040propias}{chapter.5}% 21
\BOOKMARK [1][-]{section.5.4}{5.4\040Valoraci\363n\040cr\355tica}{chapter.5}% 22
\BOOKMARK [1][-]{section.5.5}{5.5\040Trabajos\040futuros}{chapter.5}% 23
\BOOKMARK [1][-]{section.5.6}{5.6\040Valoraci\363n\040personal}{chapter.5}% 24
\BOOKMARK [0][]{section*.6}{Anexos}{}% 25
\BOOKMARK [0][]{appendix.1.A}{A\040Material\040complementario}{}% 26
\BOOKMARK [1][-]{section.1.A.1}{A.1\040Descripci\363n\040general}{appendix.1.A}% 27
\BOOKMARK [1][-]{section.1.A.2}{A.2\040Informaci\363n\040adicional}{appendix.1.A}% 28
\BOOKMARK [0][]{appendix.1.B}{B\040Documentaci\363n\040adicional}{}% 29
\BOOKMARK [1][-]{section.1.B.1}{B.1\040Informaci\363n\040complementaria}{appendix.1.B}% 30
\BOOKMARK [0][]{appendix.1.C}{C\040Ejemplos\040de\040uso\040de\040LaTeX}{}% 31
\BOOKMARK [1][-]{section.1.C.1}{C.1\040Ecuaciones\040matem\341ticas}{appendix.1.C}% 32
\BOOKMARK [2][-]{subsection.1.C.1.1}{C.1.1\040Ecuaciones\040en\040l\355nea\040y\040display}{section.1.C.1}% 33
\BOOKMARK [2][-]{subsection.1.C.1.2}{C.1.2\040Ecuaciones\040numeradas}{section.1.C.1}% 34
\BOOKMARK [2][-]{subsection.1.C.1.3}{C.1.3\040Sistemas\040de\040ecuaciones}{section.1.C.1}% 35
\BOOKMARK [1][-]{section.1.C.2}{C.2\040Tablas}{appendix.1.C}% 36
\BOOKMARK [2][-]{subsection.1.C.2.1}{C.2.1\040Tabla\040simple}{section.1.C.2}% 37
\BOOKMARK [2][-]{subsection.1.C.2.2}{C.2.2\040Tabla\040con\040multirow\040y\040multicolumn}{section.1.C.2}% 38
\BOOKMARK [2][-]{subsection.1.C.2.3}{C.2.3\040Tabla\040con\040datos\040de\040resultados}{section.1.C.2}% 39
\BOOKMARK [1][-]{section.1.C.3}{C.3\040Figuras\040e\040im\341genes}{appendix.1.C}% 40
\BOOKMARK [2][-]{subsection.1.C.3.1}{C.3.1\040Figura\040simple}{section.1.C.3}% 41
\BOOKMARK [2][-]{subsection.1.C.3.2}{C.3.2\040Subfiguras}{section.1.C.3}% 42
\BOOKMARK [1][-]{section.1.C.4}{C.4\040C\363digo\040y\040contenido\040estructurado}{appendix.1.C}% 43
\BOOKMARK [2][-]{subsection.1.C.4.1}{C.4.1\040Listado\040de\040texto\040estructurado}{section.1.C.4}% 44
\BOOKMARK [1][-]{section.1.C.5}{C.5\040Algoritmos\040y\040procedimientos}{appendix.1.C}% 45
\BOOKMARK [2][-]{subsection.1.C.5.1}{C.5.1\040Algoritmo\040de\040ejemplo}{section.1.C.5}% 46
\BOOKMARK [1][-]{section.1.C.6}{C.6\040Referencias\040cruzadas\040y\040citas\040bibliogr\341ficas}{appendix.1.C}% 47
\BOOKMARK [2][-]{subsection.1.C.6.1}{C.6.1\040Referencias\040cruzadas}{section.1.C.6}% 48
\BOOKMARK [2][-]{subsection.1.C.6.2}{C.6.2\040Citas\040bibliogr\341ficas}{section.1.C.6}% 49
\BOOKMARK [2][-]{subsection.1.C.6.3}{C.6.3\040Cambiar\040el\040estilo\040bibliogr\341fico}{section.1.C.6}% 50
\BOOKMARK [1][-]{section.1.C.7}{C.7\040Encabezados\040y\040pies\040de\040p\341gina}{appendix.1.C}% 51
\BOOKMARK [1][-]{section.1.C.8}{C.8\040Referencias\040cruzadas\040inteligentes\040con\040cleveref}{appendix.1.C}% 52
\BOOKMARK [1][-]{section.1.C.9}{C.9\040Glosarios\040y\040acr\363nimos}{appendix.1.C}% 53
\BOOKMARK [2][-]{subsection.1.C.9.1}{C.9.1\040Definir\040acr\363nimos\040y\040t\351rminos}{section.1.C.9}% 54
\BOOKMARK [2][-]{subsection.1.C.9.2}{C.9.2\040Usar\040en\040el\040texto}{section.1.C.9}% 55
\BOOKMARK [2][-]{subsection.1.C.9.3}{C.9.3\040Generar\040las\040listas}{section.1.C.9}% 56
\BOOKMARK [1][-]{section.1.C.10}{C.10\040Comandos\040personalizados\040\372tiles}{appendix.1.C}% 57
\BOOKMARK [1][-]{section.1.C.11}{C.11\040Configuraci\363n\040de\040colores\040en\040hiperv\355nculos}{appendix.1.C}% 58
